Build started 5/27/2016 10:22:53 PM.
     1>Project "C:\Users\Kyle\Documents\SWG_Client_Next\src\game\shared\library\swgSharedUtility\build\win32\swgSharedUtility.vcxproj" on node 4 (Build target(s)).
     1>ClCompile:
         C:\Program Files (x86)\Microsoft Visual Studio 12.0\VC\bin\x86_amd64\CL.exe /c /I..\..\..\..\..\..\external\ours\library\localization\include /I..\..\..\..\..\..\external\ours\library\unicode\include /I..\..\..\..\..\..\engine\shared\library\sharedDebug\include\public /I..\..\..\..\..\..\engine\shared\library\sharedFoundation\include\public /I..\..\..\..\..\..\engine\shared\library\sharedFoundationTypes\include\public /I..\..\..\..\..\..\engine\shared\library\sharedGame\include\public /I..\..\..\..\..\..\engine\shared\library\sharedMath\include\public /I..\..\..\..\..\..\engine\shared\library\sharedMemoryManager\include\public /I..\..\..\..\..\..\engine\shared\library\sharedObject\include\public /I..\..\..\..\..\..\engine\shared\library\sharedUtility\include\public /I..\..\..\..\..\..\external\3rd\library\stlport453\stlport /I..\..\include\private /I..\..\include\public /Zi /nologo /W4 /WX- /Od /Ob1 /D WIN32 /D _DEBUG /D _MBCS /D DEBUG_LEVEL=2 /D _CRT_SECURE_NO_DEPRECATE=1 /D _USE_32BIT_TIME_T=1 /D _LIB /D _MBCS /Gm- /EHsc /RTC1 /MTd /GS /Gy /fp:precise /Zc:wchar_t- /Zc:forScope /GR /Yc"swgSharedUtility\FirstSwgSharedUtility.h" /Fp"C:\Users\Kyle\Documents\SWG_Client_Next\src\build\win32\x64\Debug\swgSharedUtility.pch" /Fo"C:\Users\Kyle\Documents\SWG_Client_Next\src\build\win32\x64\Debug\\" /Fd"C:\Users\Kyle\Documents\SWG_Client_Next\src\build\win32\x64\Debug\swgSharedUtility_d.pdb" /Gd /TP /FC /errorReport:prompt ..\..\src\win32\FirstSwgSharedUtility.cpp
         FirstSwgSharedUtility.cpp
     1>c:\program files (x86)\microsoft visual studio 12.0\vc\include\crtdefs.h(557): fatal error C1189: #error :  You cannot use 32-bit time_t (_USE_32BIT_TIME_T) with _WIN64
     1>Done Building Project "C:\Users\Kyle\Documents\SWG_Client_Next\src\game\shared\library\swgSharedUtility\build\win32\swgSharedUtility.vcxproj" (Build target(s)) -- FAILED.

Build FAILED.

Time Elapsed 00:00:00.35
