Build started 5/27/2016 10:22:56 PM.
     1>Project "C:\Users\Kyle\Documents\SWG_Client_Next\src\external\3rd\library\libEverQuestTCG\build\win32\libEverQuestTCG.vcxproj" on node 3 (Build target(s)).
     1>ClCompile:
         C:\Program Files (x86)\Microsoft Visual Studio 12.0\VC\bin\x86_amd64\CL.exe /c /I..\..\include\private /I..\..\include\public /Zi /nologo /W4 /WX- /Od /Ob1 /D WIN32 /D _DEBUG /D _MBCS /D DEBUG_LEVEL=2 /D _CRT_SECURE_NO_DEPRECATE=1 /D _USE_32BIT_TIME_T=1 /D _LIB /D ENABLE_TCG /D _MBCS /Gm- /EHsc /RTC1 /MTd /GS /Gy /fp:precise /Zc:wchar_t- /Zc:forScope /GR /Fo"C:\Users\Kyle\Documents\SWG_Client_Next\src\build\win32\x64\Debug\\" /Fd"C:\Users\Kyle\Documents\SWG_Client_Next\src\build\win32\x64\Debug\libEverQuestTCG_d.pdb" /Gd /TP /FC /errorReport:prompt ..\..\src\win32\libEverQuestTCG.cpp
         libEverQuestTCG.cpp
     1>c:\program files (x86)\microsoft visual studio 12.0\vc\include\crtdefs.h(557): fatal error C1189: #error :  You cannot use 32-bit time_t (_USE_32BIT_TIME_T) with _WIN64
     1>Done Building Project "C:\Users\Kyle\Documents\SWG_Client_Next\src\external\3rd\library\libEverQuestTCG\build\win32\libEverQuestTCG.vcxproj" (Build target(s)) -- FAILED.

Build FAILED.

Time Elapsed 00:00:00.77
